[0207/211631.841:ERROR:gpu_init.cc(426)] Passthrough is not supported, GL is disabled
[0207/211732.685:WARNING:angle_platform_impl.cc(48)] HLSLCompiler.cpp:257 (compileToBinary): 
C:\fakepath(102,1-6): warning X4000: use of potentially uninitialized variable (dyn_index_vec4_float4)

[0207/211732.984:WARNING:angle_platform_impl.cc(48)] HLSLCompiler.cpp:257 (compileToBinary): 
C:\fakepath(135,1): warning X4000: use of potentially uninitialized variable (f_i)
C:\fakepath(137,1): warning X4000: use of potentially uninitialized variable (f_i)
C:\fakepath(173,1): warning X4000: use of potentially uninitialized variable (f_u)

[0207/212049.263:WARNING:angle_platform_impl.cc(48)] HLSLCompiler.cpp:257 (compileToBinary): 
C:\fakepath(102,1-6): warning X4000: use of potentially uninitialized variable (dyn_index_vec4_float4)

[0207/212049.522:WARNING:angle_platform_impl.cc(48)] HLSLCompiler.cpp:257 (compileToBinary): 
C:\fakepath(135,1): warning X4000: use of potentially uninitialized variable (f_i)
C:\fakepath(137,1): warning X4000: use of potentially uninitialized variable (f_i)
C:\fakepath(173,1): warning X4000: use of potentially uninitialized variable (f_u)

[0207/212050.403:WARNING:angle_platform_impl.cc(48)] HLSLCompiler.cpp:257 (compileToBinary): 
C:\fakepath(165,1): warning X4000: use of potentially uninitialized variable (f_renderMipMapLevel)

[0207/212050.409:WARNING:angle_platform_impl.cc(48)] HLSLCompiler.cpp:257 (compileToBinary): 
C:\fakepath(165,1): warning X4000: use of potentially uninitialized variable (f_renderMipMapLevel)

[0207/212050.417:WARNING:angle_platform_impl.cc(48)] HLSLCompiler.cpp:257 (compileToBinary): 
C:\fakepath(165,1): warning X4000: use of potentially uninitialized variable (f_renderMipMapLevel)

[0207/212050.629:WARNING:angle_platform_impl.cc(48)] HLSLCompiler.cpp:257 (compileToBinary): 
C:\fakepath(381,10-38): warning X4008: floating point division by zero
C:\fakepath(381,10-38): warning X4008: floating point division by zero

[0207/212310.698:WARNING:angle_platform_impl.cc(48)] HLSLCompiler.cpp:257 (compileToBinary): 
C:\fakepath(102,1-6): warning X4000: use of potentially uninitialized variable (dyn_index_vec4_float4)

[0207/212343.876:WARNING:angle_platform_impl.cc(48)] HLSLCompiler.cpp:257 (compileToBinary): 
C:\fakepath(135,1): warning X4000: use of potentially uninitialized variable (f_i)
C:\fakepath(137,1): warning X4000: use of potentially uninitialized variable (f_i)
C:\fakepath(173,1): warning X4000: use of potentially uninitialized variable (f_u)

[0207/212344.235:WARNING:angle_platform_impl.cc(48)] HLSLCompiler.cpp:257 (compileToBinary): 
C:\fakepath(165,1): warning X4000: use of potentially uninitialized variable (f_renderMipMapLevel)

[0207/212344.246:WARNING:angle_platform_impl.cc(48)] HLSLCompiler.cpp:257 (compileToBinary): 
C:\fakepath(165,1): warning X4000: use of potentially uninitialized variable (f_renderMipMapLevel)

[0207/212344.277:WARNING:angle_platform_impl.cc(48)] HLSLCompiler.cpp:257 (compileToBinary): 
C:\fakepath(165,1): warning X4000: use of potentially uninitialized variable (f_renderMipMapLevel)

[0207/212344.477:WARNING:angle_platform_impl.cc(48)] HLSLCompiler.cpp:257 (compileToBinary): 
C:\fakepath(381,10-38): warning X4008: floating point division by zero
C:\fakepath(381,10-38): warning X4008: floating point division by zero

[0207/212448.080:ERROR:gl_utils.cc(314)] [.WebGL-0000009DD455A700] GL_INVALID_OPERATION: Two textures of different types use the same sampler location.
[0207/212448.080:ERROR:gl_utils.cc(314)] [.WebGL-0000009DD455A700] GL_INVALID_OPERATION: Two textures of different types use the same sampler location.
[0207/212448.080:ERROR:gl_utils.cc(314)] [.WebGL-0000009DD455A700] GL_INVALID_OPERATION: Two textures of different types use the same sampler location.
[0207/212448.080:ERROR:gl_utils.cc(314)] [.WebGL-0000009DD455A700] GL_INVALID_OPERATION: Two textures of different types use the same sampler location.
[0207/212448.080:ERROR:gl_utils.cc(314)] [.WebGL-0000009DD455A700] GL_INVALID_OPERATION: Two textures of different types use the same sampler location.
[0207/212448.081:ERROR:gl_utils.cc(314)] [.WebGL-0000009DD455A700] GL_INVALID_OPERATION: Two textures of different types use the same sampler location.
[0207/212448.081:ERROR:gl_utils.cc(314)] [.WebGL-0000009DD455A700] GL_INVALID_OPERATION: Two textures of different types use the same sampler location.
[0207/212448.081:ERROR:gl_utils.cc(314)] [.WebGL-0000009DD455A700] GL_INVALID_OPERATION: Two textures of different types use the same sampler location.
[0207/212448.081:ERROR:gl_utils.cc(314)] [.WebGL-0000009DD455A700] GL_INVALID_OPERATION: Two textures of different types use the same sampler location.
[0207/212448.098:ERROR:gl_utils.cc(314)] [.WebGL-0000009DD455A700] GL_INVALID_OPERATION: Two textures of different types use the same sampler location.
[0207/212448.098:ERROR:gl_utils.cc(314)] [.WebGL-0000009DD455A700] GL_INVALID_OPERATION: Two textures of different types use the same sampler location.
[0207/212448.098:ERROR:gl_utils.cc(314)] [.WebGL-0000009DD455A700] GL_INVALID_OPERATION: Two textures of different types use the same sampler location.
[0207/212448.098:ERROR:gl_utils.cc(314)] [.WebGL-0000009DD455A700] GL_INVALID_OPERATION: Two textures of different types use the same sampler location.
[0207/212448.098:ERROR:gl_utils.cc(314)] [.WebGL-0000009DD455A700] GL_INVALID_OPERATION: Two textures of different types use the same sampler location.
[0207/212448.098:ERROR:gl_utils.cc(314)] [.WebGL-0000009DD455A700] GL_INVALID_OPERATION: Two textures of different types use the same sampler location.
[0207/212448.098:ERROR:gl_utils.cc(314)] [.WebGL-0000009DD455A700] GL_INVALID_OPERATION: Two textures of different types use the same sampler location.
[0207/212448.098:ERROR:gl_utils.cc(314)] [.WebGL-0000009DD455A700] GL_INVALID_OPERATION: Two textures of different types use the same sampler location.
[0207/212448.098:ERROR:gl_utils.cc(314)] [.WebGL-0000009DD455A700] GL_INVALID_OPERATION: Two textures of different types use the same sampler location.
[0207/212457.329:WARNING:angle_platform_impl.cc(48)] HLSLCompiler.cpp:257 (compileToBinary): 
C:\fakepath(91,1-6): warning X4000: use of potentially uninitialized variable (dyn_index_mat4x4)
C:\fakepath(69,1-6): warning X4000: use of potentially uninitialized variable (dyn_index_vec4_float4)

[0207/212457.486:WARNING:angle_platform_impl.cc(48)] HLSLCompiler.cpp:257 (compileToBinary): 
C:\fakepath(165,1): warning X4000: use of potentially uninitialized variable (f_renderMipMapLevel)

[0207/212457.501:WARNING:angle_platform_impl.cc(48)] HLSLCompiler.cpp:257 (compileToBinary): 
C:\fakepath(178,1-6): warning X4000: use of potentially uninitialized variable (dyn_index_mat4x4)
C:\fakepath(156,1-6): warning X4000: use of potentially uninitialized variable (dyn_index_vec4_float4)
C:\fakepath(178,1-6): warning X4000: use of potentially uninitialized variable (dyn_index_mat4x4)
C:\fakepath(156,1-6): warning X4000: use of potentially uninitialized variable (dyn_index_vec4_float4)

[0207/212457.596:WARNING:angle_platform_impl.cc(48)] HLSLCompiler.cpp:257 (compileToBinary): 
C:\fakepath(127,1-6): warning X4000: use of potentially uninitialized variable (dyn_index_mat4x4)
C:\fakepath(105,1-6): warning X4000: use of potentially uninitialized variable (dyn_index_vec4_float4)
C:\fakepath(127,1-6): warning X4000: use of potentially uninitialized variable (dyn_index_mat4x4)
C:\fakepath(105,1-6): warning X4000: use of potentially uninitialized variable (dyn_index_vec4_float4)
C:\fakepath(127,1-6): warning X4000: use of potentially uninitialized variable (dyn_index_mat4x4)
C:\fakepath(105,1-6): warning X4000: use of potentially uninitialized variable (dyn_index_vec4_float4)

[0207/212458.108:WARNING:angle_platform_impl.cc(48)] HLSLCompiler.cpp:257 (compileToBinary): 
C:\fakepath(965,1-6): warning X4000: use of potentially uninitialized variable (dyn_index_mat4x4)
C:\fakepath(943,1-6): warning X4000: use of potentially uninitialized variable (dyn_index_vec4_float4)
C:\fakepath(965,1-6): warning X4000: use of potentially uninitialized variable (dyn_index_mat4x4)
C:\fakepath(943,1-6): warning X4000: use of potentially uninitialized variable (dyn_index_vec4_float4)
C:\fakepath(965,1-6): warning X4000: use of potentially uninitialized variable (dyn_index_mat4x4)
C:\fakepath(943,1-6): warning X4000: use of potentially uninitialized variable (dyn_index_vec4_float4)

[0207/212458.187:WARNING:angle_platform_impl.cc(48)] HLSLCompiler.cpp:257 (compileToBinary): 
C:\fakepath(968,1-6): warning X4000: use of potentially uninitialized variable (dyn_index_mat4x4)
C:\fakepath(946,1-6): warning X4000: use of potentially uninitialized variable (dyn_index_vec4_float4)
C:\fakepath(968,1-6): warning X4000: use of potentially uninitialized variable (dyn_index_mat4x4)
C:\fakepath(946,1-6): warning X4000: use of potentially uninitialized variable (dyn_index_vec4_float4)
C:\fakepath(968,1-6): warning X4000: use of potentially uninitialized variable (dyn_index_mat4x4)
C:\fakepath(946,1-6): warning X4000: use of potentially uninitialized variable (dyn_index_vec4_float4)

[0207/212458.198:WARNING:angle_platform_impl.cc(48)] HLSLCompiler.cpp:257 (compileToBinary): 
C:\fakepath(956,1-6): warning X4000: use of potentially uninitialized variable (dyn_index_mat4x4)
C:\fakepath(934,1-6): warning X4000: use of potentially uninitialized variable (dyn_index_vec4_float4)
C:\fakepath(956,1-6): warning X4000: use of potentially uninitialized variable (dyn_index_mat4x4)
C:\fakepath(934,1-6): warning X4000: use of potentially uninitialized variable (dyn_index_vec4_float4)
C:\fakepath(956,1-6): warning X4000: use of potentially uninitialized variable (dyn_index_mat4x4)
C:\fakepath(934,1-6): warning X4000: use of potentially uninitialized variable (dyn_index_vec4_float4)

[0207/212458.221:WARNING:angle_platform_impl.cc(48)] HLSLCompiler.cpp:257 (compileToBinary): 
C:\fakepath(966,1-6): warning X4000: use of potentially uninitialized variable (dyn_index_mat4x4)
C:\fakepath(944,1-6): warning X4000: use of potentially uninitialized variable (dyn_index_vec4_float4)
C:\fakepath(966,1-6): warning X4000: use of potentially uninitialized variable (dyn_index_mat4x4)
C:\fakepath(944,1-6): warning X4000: use of potentially uninitialized variable (dyn_index_vec4_float4)
C:\fakepath(966,1-6): warning X4000: use of potentially uninitialized variable (dyn_index_mat4x4)
C:\fakepath(944,1-6): warning X4000: use of potentially uninitialized variable (dyn_index_vec4_float4)

[0207/212458.995:WARNING:angle_platform_impl.cc(48)] HLSLCompiler.cpp:257 (compileToBinary): 
C:\fakepath(965,1-6): warning X4000: use of potentially uninitialized variable (dyn_index_mat4x4)
C:\fakepath(943,1-6): warning X4000: use of potentially uninitialized variable (dyn_index_vec4_float4)
C:\fakepath(965,1-6): warning X4000: use of potentially uninitialized variable (dyn_index_mat4x4)
C:\fakepath(943,1-6): warning X4000: use of potentially uninitialized variable (dyn_index_vec4_float4)
C:\fakepath(965,1-6): warning X4000: use of potentially uninitialized variable (dyn_index_mat4x4)
C:\fakepath(943,1-6): warning X4000: use of potentially uninitialized variable (dyn_index_vec4_float4)

[0207/212459.586:WARNING:angle_platform_impl.cc(48)] HLSLCompiler.cpp:257 (compileToBinary): 
C:\fakepath(956,1-6): warning X4000: use of potentially uninitialized variable (dyn_index_mat4x4)
C:\fakepath(934,1-6): warning X4000: use of potentially uninitialized variable (dyn_index_vec4_float4)
C:\fakepath(956,1-6): warning X4000: use of potentially uninitialized variable (dyn_index_mat4x4)
C:\fakepath(934,1-6): warning X4000: use of potentially uninitialized variable (dyn_index_vec4_float4)
C:\fakepath(956,1-6): warning X4000: use of potentially uninitialized variable (dyn_index_mat4x4)
C:\fakepath(934,1-6): warning X4000: use of potentially uninitialized variable (dyn_index_vec4_float4)

[0207/212500.207:WARNING:angle_platform_impl.cc(48)] HLSLCompiler.cpp:257 (compileToBinary): 
C:\fakepath(966,1-6): warning X4000: use of potentially uninitialized variable (dyn_index_mat4x4)
C:\fakepath(944,1-6): warning X4000: use of potentially uninitialized variable (dyn_index_vec4_float4)
C:\fakepath(966,1-6): warning X4000: use of potentially uninitialized variable (dyn_index_mat4x4)
C:\fakepath(944,1-6): warning X4000: use of potentially uninitialized variable (dyn_index_vec4_float4)
C:\fakepath(966,1-6): warning X4000: use of potentially uninitialized variable (dyn_index_mat4x4)
C:\fakepath(944,1-6): warning X4000: use of potentially uninitialized variable (dyn_index_vec4_float4)

[0207/212500.819:WARNING:angle_platform_impl.cc(48)] HLSLCompiler.cpp:257 (compileToBinary): 
C:\fakepath(968,1-6): warning X4000: use of potentially uninitialized variable (dyn_index_mat4x4)
C:\fakepath(946,1-6): warning X4000: use of potentially uninitialized variable (dyn_index_vec4_float4)
C:\fakepath(968,1-6): warning X4000: use of potentially uninitialized variable (dyn_index_mat4x4)
C:\fakepath(946,1-6): warning X4000: use of potentially uninitialized variable (dyn_index_vec4_float4)
C:\fakepath(968,1-6): warning X4000: use of potentially uninitialized variable (dyn_index_mat4x4)
C:\fakepath(946,1-6): warning X4000: use of potentially uninitialized variable (dyn_index_vec4_float4)

[0207/212525.875:WARNING:angle_platform_impl.cc(48)] HLSLCompiler.cpp:257 (compileToBinary): 
C:\fakepath(102,1-6): warning X4000: use of potentially uninitialized variable (dyn_index_vec4_float4)

[0207/212526.107:WARNING:angle_platform_impl.cc(48)] HLSLCompiler.cpp:257 (compileToBinary): 
C:\fakepath(135,1): warning X4000: use of potentially uninitialized variable (f_i)
C:\fakepath(137,1): warning X4000: use of potentially uninitialized variable (f_i)
C:\fakepath(173,1): warning X4000: use of potentially uninitialized variable (f_u)

[0207/212526.582:WARNING:angle_platform_impl.cc(48)] HLSLCompiler.cpp:257 (compileToBinary): 
C:\fakepath(165,1): warning X4000: use of potentially uninitialized variable (f_renderMipMapLevel)

[0207/212526.812:WARNING:angle_platform_impl.cc(48)] HLSLCompiler.cpp:257 (compileToBinary): 
C:\fakepath(381,10-38): warning X4008: floating point division by zero
C:\fakepath(381,10-38): warning X4008: floating point division by zero

[0207/212527.767:ERROR:gl_utils.cc(314)] [.WebGL-0000009DD455C780] GL_INVALID_OPERATION: Two textures of different types use the same sampler location.
[0207/212527.767:ERROR:gl_utils.cc(314)] [.WebGL-0000009DD455C780] GL_INVALID_OPERATION: Two textures of different types use the same sampler location.
[0207/212527.767:ERROR:gl_utils.cc(314)] [.WebGL-0000009DD455C780] GL_INVALID_OPERATION: Two textures of different types use the same sampler location.
[0207/212527.767:ERROR:gl_utils.cc(314)] [.WebGL-0000009DD455C780] GL_INVALID_OPERATION: Two textures of different types use the same sampler location.
[0207/212527.768:ERROR:gl_utils.cc(314)] [.WebGL-0000009DD455C780] GL_INVALID_OPERATION: Two textures of different types use the same sampler location.
[0207/212527.768:ERROR:gl_utils.cc(314)] [.WebGL-0000009DD455C780] GL_INVALID_OPERATION: Two textures of different types use the same sampler location.
[0207/212527.769:ERROR:gl_utils.cc(314)] [.WebGL-0000009DD455C780] GL_INVALID_OPERATION: Two textures of different types use the same sampler location.
[0207/212527.769:ERROR:gl_utils.cc(314)] [.WebGL-0000009DD455C780] GL_INVALID_OPERATION: Two textures of different types use the same sampler location.
[0207/212527.769:ERROR:gl_utils.cc(314)] [.WebGL-0000009DD455C780] GL_INVALID_OPERATION: Two textures of different types use the same sampler location.
[0207/212527.829:ERROR:gl_utils.cc(314)] [.WebGL-0000009DD455C780] GL_INVALID_OPERATION: Two textures of different types use the same sampler location.
[0207/212527.829:ERROR:gl_utils.cc(314)] [.WebGL-0000009DD455C780] GL_INVALID_OPERATION: Two textures of different types use the same sampler location.
[0207/212527.829:ERROR:gl_utils.cc(314)] [.WebGL-0000009DD455C780] GL_INVALID_OPERATION: Two textures of different types use the same sampler location.
[0207/212527.829:ERROR:gl_utils.cc(314)] [.WebGL-0000009DD455C780] GL_INVALID_OPERATION: Two textures of different types use the same sampler location.
[0207/212527.829:ERROR:gl_utils.cc(314)] [.WebGL-0000009DD455C780] GL_INVALID_OPERATION: Two textures of different types use the same sampler location.
[0207/212527.850:ERROR:gl_utils.cc(314)] [.WebGL-0000009DD455C780] GL_INVALID_OPERATION: Two textures of different types use the same sampler location.
[0207/212527.851:ERROR:gl_utils.cc(314)] [.WebGL-0000009DD455C780] GL_INVALID_OPERATION: Two textures of different types use the same sampler location.
[0207/212527.851:ERROR:gl_utils.cc(314)] [.WebGL-0000009DD455C780] GL_INVALID_OPERATION: Two textures of different types use the same sampler location.
[0207/212527.851:ERROR:gl_utils.cc(314)] [.WebGL-0000009DD455C780] GL_INVALID_OPERATION: Two textures of different types use the same sampler location.
[0207/212851.250:WARNING:angle_platform_impl.cc(48)] HLSLCompiler.cpp:257 (compileToBinary): 
C:\fakepath(102,1-6): warning X4000: use of potentially uninitialized variable (dyn_index_vec4_float4)

[0207/212852.514:WARNING:angle_platform_impl.cc(48)] HLSLCompiler.cpp:257 (compileToBinary): 
C:\fakepath(165,1): warning X4000: use of potentially uninitialized variable (f_renderMipMapLevel)

